<?xml version="1.0" encoding="UTF-8"?>
<testng-results ignored="0" total="1" passed="1" failed="0" skipped="0">
  <reporter-output>
  </reporter-output>
  <suite started-at="2023-07-20T22:25:21 IST" name="Suite" finished-at="2023-07-20T22:25:35 IST" duration-ms="13502">
    <groups>
    </groups>
    <test started-at="2023-07-20T22:25:21 IST" name="Test" finished-at="2023-07-20T22:25:35 IST" duration-ms="13502">
      <class name="TestCases.Customer_login">
        <test-method is-config="true" signature="launchApplication()[pri:0, instance:TestCases.Customer_login@54e1c68b]" started-at="2023-07-20T22:25:21 IST" name="launchApplication" finished-at="2023-07-20T22:25:26 IST" duration-ms="4900" status="PASS">
          <reporter-output>
          </reporter-output>
        </test-method> <!-- launchApplication -->
        <test-method signature="TC01_CustomerFlow()[pri:0, instance:TestCases.Customer_login@54e1c68b]" started-at="2023-07-20T22:25:26 IST" name="TC01_CustomerFlow" finished-at="2023-07-20T22:25:35 IST" duration-ms="8473" status="PASS">
          <reporter-output>
          </reporter-output>
        </test-method> <!-- TC01_CustomerFlow -->
        <test-method is-config="true" signature="tearDown()[pri:0, instance:TestCases.Customer_login@54e1c68b]" started-at="2023-07-20T22:25:35 IST" name="tearDown" finished-at="2023-07-20T22:25:35 IST" duration-ms="110" status="PASS">
          <reporter-output>
          </reporter-output>
        </test-method> <!-- tearDown -->
      </class> <!-- TestCases.Customer_login -->
    </test> <!-- Test -->
  </suite> <!-- Suite -->
</testng-results>
